[debug] [2020-11-23T03:01:28.961Z] ----------------------------------------------------------------------
[debug] [2020-11-23T03:01:28.963Z] Command:       C:\Program Files\nodejs\node.exe C:\Users\garo_\AppData\Roaming\npm\node_modules\firebase-tools\lib\bin\firebase.js init
[debug] [2020-11-23T03:01:28.963Z] CLI Version:   8.16.2
[debug] [2020-11-23T03:01:28.963Z] Platform:      win32
[debug] [2020-11-23T03:01:28.963Z] Node Version:  v13.11.0
[debug] [2020-11-23T03:01:28.965Z] Time:          Mon Nov 23 2020 10:01:28 GMT+0700 (Indochina Time)
[debug] [2020-11-23T03:01:28.965Z] ----------------------------------------------------------------------
[debug] [2020-11-23T03:01:28.965Z] 
[debug] [2020-11-23T03:01:28.971Z] > command requires scopes: ["email","openid","https://www.googleapis.com/auth/cloudplatformprojects.readonly","https://www.googleapis.com/auth/firebase","https://www.googleapis.com/auth/cloud-platform"]
[debug] [2020-11-23T03:01:28.972Z] > authorizing via signed-in user
[info] 
     ######## #### ########  ######## ########     ###     ######  ########
     ##        ##  ##     ## ##       ##     ##  ##   ##  ##       ##
     ######    ##  ########  ######   ########  #########  ######  ######
     ##        ##  ##    ##  ##       ##     ## ##     ##       ## ##
     ##       #### ##     ## ######## ########  ##     ##  ######  ########

You're about to initialize a Firebase project in this directory:

  C:\rn_project\pedubon

Before we get started, keep in mind:

  * You are currently outside your home directory

[info] 
=== Project Setup
[info] 
[info] First, let's associate this project directory with a Firebase project.
[info] You can create multiple project aliases by running firebase use --add, 
[info] but for now we'll just set up a default project.
[info] 
